<?xml version="1.0" encoding="UTF-8"?>
<coverage generated="1711115936348" clover="3.2.0">
  <project timestamp="1711115936349" name="All files">
    <metrics statements="60" coveredstatements="58" conditionals="12" coveredconditionals="10" methods="13" coveredmethods="13" elements="85" coveredelements="81" complexity="0" loc="60" ncloc="60" packages="3" files="3" classes="3"/>
    <package name="src">
      <metrics statements="9" coveredstatements="9" conditionals="0" coveredconditionals="0" methods="0" coveredmethods="0"/>
      <file name="index.js" path="C:\Users\sacum\OneDrive\Escritorio\p1-sacuadros09-main\src\index.js">
        <metrics statements="9" coveredstatements="9" conditionals="0" coveredconditionals="0" methods="0" coveredmethods="0"/>
        <line num="1" count="24" type="stmt"/>
        <line num="2" count="24" type="stmt"/>
        <line num="3" count="24" type="stmt"/>
        <line num="5" count="24" type="stmt"/>
        <line num="7" count="24" type="stmt"/>
        <line num="8" count="24" type="stmt"/>
        <line num="9" count="24" type="stmt"/>
        <line num="11" count="24" type="stmt"/>
        <line num="13" count="24" type="stmt"/>
      </file>
    </package>
    <package name="src.database">
      <metrics statements="2" coveredstatements="2" conditionals="0" coveredconditionals="0" methods="0" coveredmethods="0"/>
      <file name="db.js" path="C:\Users\sacum\OneDrive\Escritorio\p1-sacuadros09-main\src\database\db.js">
        <metrics statements="2" coveredstatements="2" conditionals="0" coveredconditionals="0" methods="0" coveredmethods="0"/>
        <line num="1" count="24" type="stmt"/>
        <line num="124" count="24" type="stmt"/>
      </file>
    </package>
    <package name="src.router">
      <metrics statements="49" coveredstatements="47" conditionals="12" coveredconditionals="10" methods="13" coveredmethods="13"/>
      <file name="cars.js" path="C:\Users\sacum\OneDrive\Escritorio\p1-sacuadros09-main\src\router\cars.js">
        <metrics statements="49" coveredstatements="47" conditionals="12" coveredconditionals="10" methods="13" coveredmethods="13"/>
        <line num="1" count="24" type="stmt"/>
        <line num="2" count="24" type="stmt"/>
        <line num="3" count="24" type="stmt"/>
        <line num="4" count="24" type="stmt"/>
        <line num="7" count="24" type="stmt"/>
        <line num="8" count="15" type="stmt"/>
        <line num="12" count="24" type="stmt"/>
        <line num="13" count="3" type="stmt"/>
        <line num="14" count="3" type="stmt"/>
        <line num="16" count="3" type="cond" truecount="2" falsecount="0"/>
        <line num="17" count="2" type="stmt"/>
        <line num="19" count="1" type="stmt"/>
        <line num="24" count="24" type="stmt"/>
        <line num="25" count="6" type="stmt"/>
        <line num="27" count="6" type="cond" truecount="1" falsecount="1"/>
        <line num="28" count="0" type="stmt"/>
        <line num="30" count="6" type="stmt"/>
        <line num="31" count="6" type="stmt"/>
        <line num="32" count="5" type="stmt"/>
        <line num="34" count="1" type="stmt"/>
        <line num="40" count="24" type="stmt"/>
        <line num="41" count="5" type="stmt"/>
        <line num="42" count="5" type="stmt"/>
        <line num="43" count="5" type="stmt"/>
        <line num="45" count="5" type="cond" truecount="2" falsecount="0"/>
        <line num="46" count="4" type="cond" truecount="2" falsecount="0"/>
        <line num="47" count="1" type="stmt"/>
        <line num="48" count="3" type="cond" truecount="1" falsecount="1"/>
        <line num="49" count="0" type="stmt"/>
        <line num="51" count="3" type="stmt"/>
        <line num="52" count="3" type="stmt"/>
        <line num="55" count="1" type="stmt"/>
        <line num="60" count="24" type="stmt"/>
        <line num="61" count="3" type="stmt"/>
        <line num="62" count="3" type="stmt"/>
        <line num="64" count="3" type="cond" truecount="2" falsecount="0"/>
        <line num="65" count="2" type="stmt"/>
        <line num="66" count="2" type="stmt"/>
        <line num="68" count="1" type="stmt"/>
        <line num="73" count="35" type="stmt"/>
        <line num="77" count="78" type="stmt"/>
        <line num="81" count="9" type="stmt"/>
        <line num="85" count="6" type="stmt"/>
        <line num="93" count="6" type="stmt"/>
        <line num="94" count="5" type="stmt"/>
        <line num="95" count="5" type="stmt"/>
        <line num="99" count="3" type="stmt"/>
        <line num="103" count="2" type="stmt"/>
        <line num="106" count="24" type="stmt"/>
      </file>
    </package>
  </project>
</coverage>
