{"C:\\Users\\sacum\\OneDrive\\Escritorio\\p1-sacuadros09-main\\src\\index.js": {"path":"C:\\Users\\sacum\\OneDrive\\Escritorio\\p1-sacuadros09-main\\src\\index.js","statementMap":{"0":{"start":{"line":1,"column":16},"end":{"line":1,"column":34}},"1":{"start":{"line":2,"column":13},"end":{"line":2,"column":28}},"2":{"start":{"line":3,"column":12},"end":{"line":3,"column":21}},"3":{"start":{"line":5,"column":18},"end":{"line":5,"column":42}},"4":{"start":{"line":7,"column":0},"end":{"line":7,"column":24}},"5":{"start":{"line":8,"column":0},"end":{"line":8,"column":48}},"6":{"start":{"line":9,"column":0},"end":{"line":9,"column":16}},"7":{"start":{"line":11,"column":0},"end":{"line":11,"column":28}},"8":{"start":{"line":13,"column":0},"end":{"line":13,"column":21}}},"fnMap":{},"branchMap":{},"s":{"0":24,"1":24,"2":24,"3":24,"4":24,"5":24,"6":24,"7":24,"8":24},"f":{},"b":{},"_coverageSchema":"1a1c01bbd47fc00a2c39e90264f33305004495a9","hash":"f4cadb7a342171001d780942dac952042af4b874"}
,"C:\\Users\\sacum\\OneDrive\\Escritorio\\p1-sacuadros09-main\\src\\database\\db.js": {"path":"C:\\Users\\sacum\\OneDrive\\Escritorio\\p1-sacuadros09-main\\src\\database\\db.js","statementMap":{"0":{"start":{"line":1,"column":13},"end":{"line":122,"column":1}},"1":{"start":{"line":124,"column":0},"end":{"line":124,"column":22}}},"fnMap":{},"branchMap":{},"s":{"0":24,"1":24},"f":{},"b":{},"_coverageSchema":"1a1c01bbd47fc00a2c39e90264f33305004495a9","hash":"c50792c84c2c8aa6522f836140274aae21271330"}
,"C:\\Users\\sacum\\OneDrive\\Escritorio\\p1-sacuadros09-main\\src\\router\\cars.js": {"path":"C:\\Users\\sacum\\OneDrive\\Escritorio\\p1-sacuadros09-main\\src\\router\\cars.js","statementMap":{"0":{"start":{"line":1,"column":16},"end":{"line":1,"column":34}},"1":{"start":{"line":2,"column":15},"end":{"line":2,"column":31}},"2":{"start":{"line":3,"column":10},"end":{"line":3,"column":24}},"3":{"start":{"line":4,"column":15},"end":{"line":4,"column":40}},"4":{"start":{"line":7,"column":0},"end":{"line":9,"column":3}},"5":{"start":{"line":8,"column":4},"end":{"line":8,"column":33}},"6":{"start":{"line":12,"column":0},"end":{"line":21,"column":3}},"7":{"start":{"line":13,"column":19},"end":{"line":13,"column":29}},"8":{"start":{"line":14,"column":16},"end":{"line":14,"column":31}},"9":{"start":{"line":16,"column":4},"end":{"line":20,"column":5}},"10":{"start":{"line":17,"column":8},"end":{"line":17,"column":34}},"11":{"start":{"line":19,"column":8},"end":{"line":19,"column":59}},"12":{"start":{"line":24,"column":0},"end":{"line":37,"column":3}},"13":{"start":{"line":25,"column":19},"end":{"line":25,"column":27}},"14":{"start":{"line":27,"column":4},"end":{"line":36,"column":5}},"15":{"start":{"line":28,"column":8},"end":{"line":28,"column":64}},"16":{"start":{"line":30,"column":8},"end":{"line":35,"column":9}},"17":{"start":{"line":31,"column":12},"end":{"line":31,"column":38}},"18":{"start":{"line":32,"column":12},"end":{"line":32,"column":41}},"19":{"start":{"line":34,"column":12},"end":{"line":34,"column":60}},"20":{"start":{"line":40,"column":0},"end":{"line":57,"column":3}},"21":{"start":{"line":41,"column":19},"end":{"line":41,"column":29}},"22":{"start":{"line":42,"column":23},"end":{"line":42,"column":31}},"23":{"start":{"line":43,"column":29},"end":{"line":43,"column":49}},"24":{"start":{"line":45,"column":4},"end":{"line":56,"column":5}},"25":{"start":{"line":46,"column":8},"end":{"line":53,"column":9}},"26":{"start":{"line":47,"column":12},"end":{"line":47,"column":70}},"27":{"start":{"line":48,"column":15},"end":{"line":53,"column":9}},"28":{"start":{"line":49,"column":12},"end":{"line":49,"column":66}},"29":{"start":{"line":51,"column":12},"end":{"line":51,"column":52}},"30":{"start":{"line":52,"column":12},"end":{"line":52,"column":59}},"31":{"start":{"line":55,"column":8},"end":{"line":55,"column":59}},"32":{"start":{"line":60,"column":0},"end":{"line":70,"column":3}},"33":{"start":{"line":61,"column":19},"end":{"line":61,"column":29}},"34":{"start":{"line":62,"column":29},"end":{"line":62,"column":49}},"35":{"start":{"line":64,"column":4},"end":{"line":69,"column":5}},"36":{"start":{"line":65,"column":8},"end":{"line":65,"column":36}},"37":{"start":{"line":66,"column":8},"end":{"line":66,"column":57}},"38":{"start":{"line":68,"column":8},"end":{"line":68,"column":59}},"39":{"start":{"line":73,"column":4},"end":{"line":73,"column":55}},"40":{"start":{"line":73,"column":30},"end":{"line":73,"column":53}},"41":{"start":{"line":77,"column":4},"end":{"line":77,"column":60}},"42":{"start":{"line":77,"column":35},"end":{"line":77,"column":58}},"43":{"start":{"line":81,"column":4},"end":{"line":81,"column":26}},"44":{"start":{"line":85,"column":19},"end":{"line":91,"column":6}},"45":{"start":{"line":93,"column":4},"end":{"line":93,"column":22}},"46":{"start":{"line":94,"column":4},"end":{"line":94,"column":31}},"47":{"start":{"line":95,"column":4},"end":{"line":95,"column":21}},"48":{"start":{"line":99,"column":4},"end":{"line":99,"column":56}},"49":{"start":{"line":103,"column":4},"end":{"line":103,"column":28}},"50":{"start":{"line":106,"column":0},"end":{"line":106,"column":24}}},"fnMap":{"0":{"name":"(anonymous_0)","decl":{"start":{"line":7,"column":16},"end":{"line":7,"column":17}},"loc":{"start":{"line":7,"column":30},"end":{"line":9,"column":1}},"line":7},"1":{"name":"(anonymous_1)","decl":{"start":{"line":12,"column":19},"end":{"line":12,"column":20}},"loc":{"start":{"line":12,"column":33},"end":{"line":21,"column":1}},"line":12},"2":{"name":"(anonymous_2)","decl":{"start":{"line":24,"column":17},"end":{"line":24,"column":18}},"loc":{"start":{"line":24,"column":31},"end":{"line":37,"column":1}},"line":24},"3":{"name":"(anonymous_3)","decl":{"start":{"line":40,"column":19},"end":{"line":40,"column":20}},"loc":{"start":{"line":40,"column":33},"end":{"line":57,"column":1}},"line":40},"4":{"name":"(anonymous_4)","decl":{"start":{"line":60,"column":22},"end":{"line":60,"column":23}},"loc":{"start":{"line":60,"column":36},"end":{"line":70,"column":1}},"line":60},"5":{"name":"findCarById","decl":{"start":{"line":72,"column":9},"end":{"line":72,"column":20}},"loc":{"start":{"line":72,"column":25},"end":{"line":74,"column":1}},"line":72},"6":{"name":"(anonymous_6)","decl":{"start":{"line":73,"column":23},"end":{"line":73,"column":24}},"loc":{"start":{"line":73,"column":30},"end":{"line":73,"column":53}},"line":73},"7":{"name":"findCarIndexById","decl":{"start":{"line":76,"column":9},"end":{"line":76,"column":25}},"loc":{"start":{"line":76,"column":30},"end":{"line":78,"column":1}},"line":76},"8":{"name":"(anonymous_8)","decl":{"start":{"line":77,"column":28},"end":{"line":77,"column":29}},"loc":{"start":{"line":77,"column":35},"end":{"line":77,"column":58}},"line":77},"9":{"name":"hasInvalidData","decl":{"start":{"line":80,"column":9},"end":{"line":80,"column":23}},"loc":{"start":{"line":80,"column":29},"end":{"line":82,"column":1}},"line":80},"10":{"name":"validateAndAddCar","decl":{"start":{"line":84,"column":9},"end":{"line":84,"column":26}},"loc":{"start":{"line":84,"column":32},"end":{"line":96,"column":1}},"line":84},"11":{"name":"updateCar","decl":{"start":{"line":98,"column":9},"end":{"line":98,"column":18}},"loc":{"start":{"line":98,"column":38},"end":{"line":100,"column":1}},"line":98},"12":{"name":"deleteCar","decl":{"start":{"line":102,"column":9},"end":{"line":102,"column":18}},"loc":{"start":{"line":102,"column":26},"end":{"line":104,"column":1}},"line":102}},"branchMap":{"0":{"loc":{"start":{"line":16,"column":4},"end":{"line":20,"column":5}},"type":"if","locations":[{"start":{"line":16,"column":4},"end":{"line":20,"column":5}},{"start":{"line":18,"column":11},"end":{"line":20,"column":5}}],"line":16},"1":{"loc":{"start":{"line":27,"column":4},"end":{"line":36,"column":5}},"type":"if","locations":[{"start":{"line":27,"column":4},"end":{"line":36,"column":5}},{"start":{"line":29,"column":11},"end":{"line":36,"column":5}}],"line":27},"2":{"loc":{"start":{"line":45,"column":4},"end":{"line":56,"column":5}},"type":"if","locations":[{"start":{"line":45,"column":4},"end":{"line":56,"column":5}},{"start":{"line":54,"column":11},"end":{"line":56,"column":5}}],"line":45},"3":{"loc":{"start":{"line":46,"column":8},"end":{"line":53,"column":9}},"type":"if","locations":[{"start":{"line":46,"column":8},"end":{"line":53,"column":9}},{"start":{"line":48,"column":15},"end":{"line":53,"column":9}}],"line":46},"4":{"loc":{"start":{"line":48,"column":15},"end":{"line":53,"column":9}},"type":"if","locations":[{"start":{"line":48,"column":15},"end":{"line":53,"column":9}},{"start":{"line":50,"column":15},"end":{"line":53,"column":9}}],"line":48},"5":{"loc":{"start":{"line":64,"column":4},"end":{"line":69,"column":5}},"type":"if","locations":[{"start":{"line":64,"column":4},"end":{"line":69,"column":5}},{"start":{"line":67,"column":11},"end":{"line":69,"column":5}}],"line":64}},"s":{"0":24,"1":24,"2":24,"3":24,"4":24,"5":15,"6":24,"7":3,"8":3,"9":3,"10":2,"11":1,"12":24,"13":6,"14":6,"15":0,"16":6,"17":6,"18":5,"19":1,"20":24,"21":5,"22":5,"23":5,"24":5,"25":4,"26":1,"27":3,"28":0,"29":3,"30":3,"31":1,"32":24,"33":3,"34":3,"35":3,"36":2,"37":2,"38":1,"39":3,"40":35,"41":8,"42":78,"43":9,"44":6,"45":6,"46":5,"47":5,"48":3,"49":2,"50":24},"f":{"0":15,"1":3,"2":6,"3":5,"4":3,"5":3,"6":35,"7":8,"8":78,"9":9,"10":6,"11":3,"12":2},"b":{"0":[2,1],"1":[0,6],"2":[4,1],"3":[1,3],"4":[0,3],"5":[2,1]},"_coverageSchema":"1a1c01bbd47fc00a2c39e90264f33305004495a9","hash":"7fd471dba2146ed20a421608bccc75aa63ae9bd3"}
}
