TN:
SF:src\index.js
FNF:0
FNH:0
DA:1,24
DA:2,24
DA:3,24
DA:5,24
DA:7,24
DA:8,24
DA:9,24
DA:11,24
DA:13,24
LF:9
LH:9
BRF:0
BRH:0
end_of_record
TN:
SF:src\database\db.js
FNF:0
FNH:0
DA:1,24
DA:124,24
LF:2
LH:2
BRF:0
BRH:0
end_of_record
TN:
SF:src\router\cars.js
FN:7,(anonymous_0)
FN:12,(anonymous_1)
FN:24,(anonymous_2)
FN:40,(anonymous_3)
FN:60,(anonymous_4)
FN:72,findCarById
FN:73,(anonymous_6)
FN:76,findCarIndexById
FN:77,(anonymous_8)
FN:80,hasInvalidData
FN:84,validateAndAddCar
FN:98,updateCar
FN:102,deleteCar
FNF:13
FNH:13
FNDA:15,(anonymous_0)
FNDA:3,(anonymous_1)
FNDA:6,(anonymous_2)
FNDA:5,(anonymous_3)
FNDA:3,(anonymous_4)
FNDA:3,findCarById
FNDA:35,(anonymous_6)
FNDA:8,findCarIndexById
FNDA:78,(anonymous_8)
FNDA:9,hasInvalidData
FNDA:6,validateAndAddCar
FNDA:3,updateCar
FNDA:2,deleteCar
DA:1,24
DA:2,24
DA:3,24
DA:4,24
DA:7,24
DA:8,15
DA:12,24
DA:13,3
DA:14,3
DA:16,3
DA:17,2
DA:19,1
DA:24,24
DA:25,6
DA:27,6
DA:28,0
DA:30,6
DA:31,6
DA:32,5
DA:34,1
DA:40,24
DA:41,5
DA:42,5
DA:43,5
DA:45,5
DA:46,4
DA:47,1
DA:48,3
DA:49,0
DA:51,3
DA:52,3
DA:55,1
DA:60,24
DA:61,3
DA:62,3
DA:64,3
DA:65,2
DA:66,2
DA:68,1
DA:73,35
DA:77,78
DA:81,9
DA:85,6
DA:93,6
DA:94,5
DA:95,5
DA:99,3
DA:103,2
DA:106,24
LF:49
LH:47
BRDA:16,0,0,2
BRDA:16,0,1,1
BRDA:27,1,0,0
BRDA:27,1,1,6
BRDA:45,2,0,4
BRDA:45,2,1,1
BRDA:46,3,0,1
BRDA:46,3,1,3
BRDA:48,4,0,0
BRDA:48,4,1,3
BRDA:64,5,0,2
BRDA:64,5,1,1
BRF:12
BRH:10
end_of_record
